c:\外来文件\项目文件\一些小程序\m2\m2\release\m2.pch
c:\外来文件\项目文件\一些小程序\m2\m2\release\vc140.pdb
c:\外来文件\项目文件\一些小程序\m2\m2\release\stdafx.obj
c:\外来文件\项目文件\一些小程序\m2\m2\release\tinyxmlerror.obj
c:\外来文件\项目文件\一些小程序\m2\m2\release\tinyxml.obj
c:\外来文件\项目文件\一些小程序\m2\m2\release\tinystr.obj
c:\外来文件\项目文件\一些小程序\m2\m2\release\windowdata.obj
c:\外来文件\项目文件\一些小程序\m2\m2\release\others.obj
c:\外来文件\项目文件\一些小程序\m2\m2\release\music.obj
c:\外来文件\项目文件\一些小程序\m2\m2\release\menuview.obj
c:\外来文件\项目文件\一些小程序\m2\m2\release\menuitemview.obj
c:\外来文件\项目文件\一些小程序\m2\m2\release\menudata.obj
c:\外来文件\项目文件\一些小程序\m2\m2\release\menucontroller.obj
c:\外来文件\项目文件\一些小程序\m2\m2\release\maincontroller.obj
c:\外来文件\项目文件\一些小程序\m2\m2\release\m2.obj
c:\外来文件\项目文件\一些小程序\m2\m2\release\gameview.obj
c:\外来文件\项目文件\一些小程序\m2\m2\release\gamesceneview.obj
c:\外来文件\项目文件\一些小程序\m2\m2\release\gameitemview.obj
c:\外来文件\项目文件\一些小程序\m2\m2\release\gamedata.obj
c:\外来文件\项目文件\一些小程序\m2\m2\release\gamecontroller.obj
c:\外来文件\项目文件\一些小程序\m2\m2\release\eventinterface.obj
c:\外来文件\项目文件\一些小程序\m2\m2\release\data.obj
c:\外来文件\项目文件\一些小程序\m2\m2\release\controller.obj
c:\外来文件\项目文件\一些小程序\m2\m2\release\zwindow.obj
c:\外来文件\项目文件\一些小程序\m2\m2\release\zview.obj
c:\外来文件\项目文件\一些小程序\m2\m2\release\zobject.obj
c:\外来文件\项目文件\一些小程序\m2\m2\release\zexception.obj
c:\外来文件\项目文件\一些小程序\m2\m2\release\tinyxmlparser.obj
c:\外来文件\项目文件\一些小程序\m2\m2\release\.netframework,version=v4.0.assemblyattributes.obj
c:\外来文件\项目文件\一些小程序\m2\m2\release\.netframework,version=v4.0.assemblyattributes.asm
c:\外来文件\项目文件\一些小程序\m2\release\m2.exe
c:\外来文件\项目文件\一些小程序\m2\release\m2.pdb
c:\外来文件\项目文件\一些小程序\m2\m2\release\m2.tlog\metagen.write.1.tlog
c:\外来文件\项目文件\一些小程序\m2\m2\release\m2.vcxprojresolveassemblyreference.cache
c:\外来文件\项目文件\一些小程序\m2\m2\release\m2.tlog\cl.command.1.tlog
c:\外来文件\项目文件\一些小程序\m2\m2\release\m2.tlog\cl.read.1.tlog
c:\外来文件\项目文件\一些小程序\m2\m2\release\m2.tlog\cl.write.1.tlog
c:\外来文件\项目文件\一些小程序\m2\m2\release\m2.tlog\link.command.1.tlog
c:\外来文件\项目文件\一些小程序\m2\m2\release\m2.tlog\link.read.1.tlog
c:\外来文件\项目文件\一些小程序\m2\m2\release\m2.tlog\link.write.1.tlog
c:\外来文件\项目文件\一些小程序\m2\m2\release\m2.tlog\metagen.read.1.tlog
c:\外来文件\项目文件\一些小程序\m2\m2\release\m2.tlog\z_maillib.dll.metagen
c:\外来文件\项目文件\一些小程序\m2\m2\release\m2.tlog\tzres.dll.bi
